[Trace]	2023-02-09T14:16:53+08:00	"gorm trace sql"	map[begin:2023-02-09 14:16:53.0396369 +0800 CST m=+59.497572001 error:<nil> rows:-1 sql:SELECT DATABASE() time:0s]
[Trace]	2023-02-09T14:16:53+08:00	"gorm trace sql"	map[begin:2023-02-09 14:16:53.0396369 +0800 CST m=+59.497572001 error:<nil> rows:1 sql:SELECT SCHEMA_NAME from Information_schema.SCHEMATA where SCHEMA_NAME LIKE 'test%' ORDER BY SCHEMA_NAME='test' DESC,SCHEMA_NAME limit 1 time:1.5575ms]
[Trace]	2023-02-09T14:16:53+08:00	"gorm trace sql"	map[begin:2023-02-09 14:16:53.0411944 +0800 CST m=+59.499129501 error:<nil> rows:-1 sql:SELECT count(*) FROM information_schema.tables WHERE table_schema = 'test' AND table_name = 'users' AND table_type = 'BASE TABLE' time:1.4973ms]
[Trace]	2023-02-09T14:16:53+08:00	"gorm trace sql"	map[begin:2023-02-09 14:16:53.0426917 +0800 CST m=+59.500626801 error:<nil> rows:0 sql:CREATE TABLE `users` (`id` int(10) AUTO_INCREMENT NOT NULL COMMENT 'ID',`name` varchar(32) NOT NULL DEFAULT '' COMMENT '名称',`pwd` varchar(32) NOT NULL DEFAULT '' COMMENT '密码',`created` int(10) NOT NULL COMMENT '创建时间',`updated` int(10) NOT NULL COMMENT '更新时间',PRIMARY KEY (`id`)) time:12.5091ms]
[Trace]	2023-02-09T14:16:53+08:00	"gorm trace sql"	map[begin:2023-02-09 14:16:53.0552008 +0800 CST m=+59.513135901 error:<nil> rows:1 sql:INSERT INTO `users` (`name`,`pwd`,`created`,`updated`) VALUES ('test','test',1675923413,1675923413) time:1.519ms]
[Info]	2023-02-09T14:16:53+08:00	"insert user"	map[err:<nil> id:1]
[Trace]	2023-02-09T14:16:53+08:00	"gorm trace sql"	map[begin:2023-02-09 14:16:53.057589 +0800 CST m=+59.515524101 error:<nil> rows:1 sql:INSERT INTO `users` (`name`,`pwd`,`created`,`updated`) VALUES ('aaa','aaa',1675923413,1675923413) time:1.4245ms]
[Trace]	2023-02-09T14:16:53+08:00	"gorm trace sql"	map[begin:2023-02-09 14:16:53.0594718 +0800 CST m=+59.517406901 error:<nil> rows:1 sql:INSERT INTO `users` (`name`,`pwd`,`created`,`updated`) VALUES ('bbb','bbb',1675923413,1675923413) time:1.5089ms]
[Trace]	2023-02-09T14:16:53+08:00	"gorm trace sql"	map[begin:2023-02-09 14:16:53.0612654 +0800 CST m=+59.519200501 error:<nil> rows:1 sql:INSERT INTO `users` (`name`,`pwd`,`created`,`updated`) VALUES ('ccc','ccc',1675923413,1675923413) time:1.5075ms]
[Trace]	2023-02-09T14:16:53+08:00	"gorm trace sql"	map[begin:2023-02-09 14:16:53.0627729 +0800 CST m=+59.520708001 error:<nil> rows:1 sql:UPDATE `users` SET `name`='aaa',`pwd`='test',`created`=1675923413,`updated`=1675923413 WHERE `id` = 1 time:1.8321ms]
[Info]	2023-02-09T14:16:53+08:00	"update user"	map[err:<nil> id:1]
[Trace]	2023-02-09T14:16:53+08:00	"gorm trace sql"	map[begin:2023-02-09 14:16:53.0649498 +0800 CST m=+59.522884901 error:<nil> rows:1 sql:SELECT * FROM `users` WHERE `users`.`id` = 2 ORDER BY `users`.`id` LIMIT 1 time:0s]
[Info]	2023-02-09T14:16:53+08:00	"query user"	map[err:<nil> id:2]
[Trace]	2023-02-09T14:16:53+08:00	"gorm trace sql"	map[begin:2023-02-09 14:16:53.0649498 +0800 CST m=+59.522884901 error:<nil> rows:1 sql:DELETE FROM `users` WHERE `users`.`id` = 3 time:2.0298ms]
[Info]	2023-02-09T14:16:53+08:00	"delete user"	map[err:<nil> id:3]
[Trace]	2023-02-11T13:05:28+08:00	"gorm trace sql"	map[begin:2023-02-11 13:05:28.3189456 +0800 CST m=+37.757688901 error:<nil> rows:-1 sql:SELECT DATABASE() time:0s]
[Trace]	2023-02-11T13:05:28+08:00	"gorm trace sql"	map[begin:2023-02-11 13:05:28.3194572 +0800 CST m=+37.758200501 error:<nil> rows:1 sql:SELECT SCHEMA_NAME from Information_schema.SCHEMATA where SCHEMA_NAME LIKE 'test%' ORDER BY SCHEMA_NAME='test' DESC,SCHEMA_NAME limit 1 time:612.4µs]
[Trace]	2023-02-11T13:05:28+08:00	"gorm trace sql"	map[begin:2023-02-11 13:05:28.3200696 +0800 CST m=+37.758812901 error:<nil> rows:-1 sql:SELECT count(*) FROM information_schema.tables WHERE table_schema = 'test' AND table_name = 'users' AND table_type = 'BASE TABLE' time:780µs]
[Trace]	2023-02-11T13:05:28+08:00	"gorm trace sql"	map[begin:2023-02-11 13:05:28.3208496 +0800 CST m=+37.759592901 error:<nil> rows:-1 sql:SELECT DATABASE() time:0s]
[Trace]	2023-02-11T13:05:28+08:00	"gorm trace sql"	map[begin:2023-02-11 13:05:28.3208496 +0800 CST m=+37.759592901 error:<nil> rows:1 sql:SELECT SCHEMA_NAME from Information_schema.SCHEMATA where SCHEMA_NAME LIKE 'test%' ORDER BY SCHEMA_NAME='test' DESC,SCHEMA_NAME limit 1 time:675.6µs]
[Trace]	2023-02-11T13:05:28+08:00	"gorm trace sql"	map[begin:2023-02-11 13:05:28.3215252 +0800 CST m=+37.760268501 error:<nil> rows:-1 sql:SELECT * FROM `users` LIMIT 1 time:0s]
[Trace]	2023-02-11T13:05:28+08:00	"gorm trace sql"	map[begin:2023-02-11 13:05:28.3215252 +0800 CST m=+37.760268501 error:<nil> rows:-1 sql:SELECT column_name, column_default, is_nullable = 'YES', data_type, character_maximum_length, column_type, column_key, extra, column_comment, numeric_precision, numeric_scale , datetime_precision FROM information_schema.columns WHERE table_schema = 'test' AND table_name = 'users' ORDER BY ORDINAL_POSITION time:735.8µs]
[Trace]	2023-02-11T13:05:28+08:00	"gorm trace sql"	map[begin:2023-02-11 13:05:28.322261 +0800 CST m=+37.761004301 error:<nil> rows:0 sql:ALTER TABLE `users` MODIFY COLUMN `name` varchar(32) NOT NULL time:30.5099ms]
[Trace]	2023-02-11T13:05:28+08:00	"gorm trace sql"	map[begin:2023-02-11 13:05:28.353291 +0800 CST m=+37.792034301 error:<nil> rows:0 sql:ALTER TABLE `users` MODIFY COLUMN `pwd` varchar(32) NOT NULL time:5.5138ms]
[Trace]	2023-02-11T13:05:28+08:00	"gorm trace sql"	map[begin:2023-02-11 13:05:28.3593622 +0800 CST m=+37.798105501 error:<nil> rows:0 sql:ALTER TABLE `users` MODIFY COLUMN `created` int NOT NULL NOT NULL time:11.5095ms]
[Trace]	2023-02-11T13:05:28+08:00	"gorm trace sql"	map[begin:2023-02-11 13:05:28.3712737 +0800 CST m=+37.810017001 error:<nil> rows:0 sql:ALTER TABLE `users` MODIFY COLUMN `updated` int NOT NULL NOT NULL time:5.5173ms]
[Trace]	2023-02-11T13:05:28+08:00	"gorm trace sql"	map[begin:2023-02-11 13:05:28.3774087 +0800 CST m=+37.816152001 error:<nil> rows:1 sql:INSERT INTO `users` (`name`,`pwd`,`created`,`updated`) VALUES ('test','test',0,0) time:2.8037ms]
[Info]	2023-02-11T13:05:28+08:00	"insert user"	map[err:<nil> id:5]
[Trace]	2023-02-11T13:05:28+08:00	"gorm trace sql"	map[begin:2023-02-11 13:05:28.380681 +0800 CST m=+37.819424301 error:<nil> rows:1 sql:INSERT INTO `users` (`name`,`pwd`,`created`,`updated`) VALUES ('aaa','aaa',0,0) time:2.0338ms]
[Trace]	2023-02-11T13:05:28+08:00	"gorm trace sql"	map[begin:2023-02-11 13:05:28.3828583 +0800 CST m=+37.821601601 error:<nil> rows:1 sql:INSERT INTO `users` (`name`,`pwd`,`created`,`updated`) VALUES ('bbb','bbb',0,0) time:1.5108ms]
[Trace]	2023-02-11T13:05:28+08:00	"gorm trace sql"	map[begin:2023-02-11 13:05:28.3843691 +0800 CST m=+37.823112401 error:<nil> rows:1 sql:INSERT INTO `users` (`name`,`pwd`,`created`,`updated`) VALUES ('ccc','ccc',0,0) time:1.7676ms]
[Trace]	2023-02-11T13:05:28+08:00	"gorm trace sql"	map[begin:2023-02-11 13:05:28.3861367 +0800 CST m=+37.824880001 error:<nil> rows:1 sql:UPDATE `users` SET `name`='aaa',`pwd`='test',`created`=0,`updated`=0 WHERE `id` = 5 time:1.9699ms]
[Info]	2023-02-11T13:05:28+08:00	"update user"	map[err:<nil> id:5]
[Trace]	2023-02-11T13:05:28+08:00	"gorm trace sql"	map[begin:2023-02-11 13:05:28.389016 +0800 CST m=+37.827759301 error:record not found rows:0 sql:SELECT * FROM `users` WHERE `users`.`id` = 2 ORDER BY `users`.`id` LIMIT 1 time:573.4µs]
[Info]	2023-02-11T13:05:28+08:00	"query user"	map[err:record not found id:2]
[Trace]	2023-02-11T13:05:28+08:00	"gorm trace sql"	map[begin:2023-02-11 13:05:28.3895894 +0800 CST m=+37.828332701 error:<nil> rows:0 sql:DELETE FROM `users` WHERE `users`.`id` = 3 time:0s]
[Info]	2023-02-11T13:05:28+08:00	"delete user"	map[err:<nil> id:3]
